2023-11-23 19:40:46,425 [INFO] Activator:176 - 


2023-11-23 19:40:46,460 [INFO] Activator:177 - !SESSION log4j initialized
2023-11-23 19:40:59,720 [INFO] LogOutputStream:77 - [STDOUT_REDIRECT] 
2023-11-23 19:41:12,740 [INFO] ApplicationProperties:184 - Using Application install path: D:\ST\STM32CubeIDE_1.13.1\STM32CubeIDE\plugins\com.st.stm32cube.common.mx_6.9.1.202307191849
2023-11-23 19:41:12,810 [INFO] DbMcusXml:78 - Set database path to: D:\ST\STM32CubeIDE_1.13.1\STM32CubeIDE\plugins\com.st.stm32cube.common.mx_6.9.1.202307191849\\db\/mcu/
2023-11-23 19:41:12,810 [INFO] ApiDb:274 - Set plugin database path to: D:\ST\STM32CubeIDE_1.13.1\STM32CubeIDE\plugins\com.st.stm32cube.common.mx_6.9.1.202307191849\\db\/plugins/boardmanager/
2023-11-23 19:41:12,812 [WARN] ApiDb:259 - Overriding images path with different value:  => D:\ST\STM32CubeIDE_1.13.1\STM32CubeIDE\plugins\com.st.stm32cube.common.mx_6.9.1.202307191849\\db\/plugins/mcufinder/images/
2023-11-23 19:41:12,940 [INFO] ApiDb:250 - Set database path to: C:\Users\user\.stmcufinder\plugins\mcufinder//mcu/
2023-11-23 19:41:12,951 [INFO] DbMcusAds:125 - Set database path to: C:\Users\user\.stmcufinder\plugins\mcufinder//mcu/
2023-11-23 19:41:12,960 [INFO] CrossReferenceDbSqlite:203 - Set database path to: C:\Users\user\.stmcufinder\plugins\mcufinder//mcu/cs/
2023-11-23 19:41:13,361 [INFO] RulesReader:64 - Compatibility file has been processed (293 Rules)
2023-11-23 19:41:13,651 [INFO] DbMcusXml:78 - Set database path to: D:\ST\STM32CubeIDE_1.13.1\STM32CubeIDE\plugins\com.st.stm32cube.common.mx_6.9.1.202307191849\\db\/mcu/
2023-11-23 19:41:13,651 [INFO] ApiDb:274 - Set plugin database path to: D:\ST\STM32CubeIDE_1.13.1\STM32CubeIDE\plugins\com.st.stm32cube.common.mx_6.9.1.202307191849\\db\/plugins/boardmanager/
2023-11-23 19:41:13,652 [INFO] ApiDb:261 - Set plugin images path to: D:\ST\STM32CubeIDE_1.13.1\STM32CubeIDE\plugins\com.st.stm32cube.common.mx_6.9.1.202307191849\\db\/plugins/mcufinder/images/
2023-11-23 19:41:13,652 [WARN] DbFile:41 - Overriding database path with different value: C:\Users\user\.stmcufinder\plugins\mcufinder/ => C:\Users\user\.stmcufinder\plugins\mcufinder
2023-11-23 19:41:13,653 [INFO] ApiDb:250 - Set database path to: C:\Users\user\.stmcufinder\plugins\mcufinder//mcu/
2023-11-23 19:41:13,653 [WARN] DbFile:41 - Overriding database path with different value: C:\Users\user\.stmcufinder\plugins\mcufinder/ => C:\Users\user\.stmcufinder\plugins\mcufinder
2023-11-23 19:41:13,653 [INFO] DbMcusAds:125 - Set database path to: C:\Users\user\.stmcufinder\plugins\mcufinder//mcu/
2023-11-23 19:41:13,653 [WARN] DbFile:41 - Overriding database path with different value: C:\Users\user\.stmcufinder\plugins\mcufinder/ => C:\Users\user\.stmcufinder\plugins\mcufinder
2023-11-23 19:41:13,653 [WARN] DbFile:41 - Overriding database path with different value: C:\Users\user\.stmcufinder\plugins\mcufinder/ => C:\Users\user\.stmcufinder\plugins\mcufinder
2023-11-23 19:41:13,654 [INFO] CrossReferenceDbSqlite:203 - Set database path to: C:\Users\user\.stmcufinder\plugins\mcufinder//mcu/cs/
2023-11-23 19:41:13,892 [INFO] MainPanel:262 - HeapMemory: 324009984
2023-11-23 19:41:14,157 [INFO] DbMcusXml:78 - Set database path to: D:\ST\STM32CubeIDE_1.13.1\STM32CubeIDE\plugins\com.st.stm32cube.common.mx_6.9.1.202307191849\\db\/mcu/
2023-11-23 19:41:14,158 [INFO] ApiDb:274 - Set plugin database path to: D:\ST\STM32CubeIDE_1.13.1\STM32CubeIDE\plugins\com.st.stm32cube.common.mx_6.9.1.202307191849\\db\/plugins/boardmanager/
2023-11-23 19:41:14,158 [INFO] ApiDb:261 - Set plugin images path to: D:\ST\STM32CubeIDE_1.13.1\STM32CubeIDE\plugins\com.st.stm32cube.common.mx_6.9.1.202307191849\\db\/plugins/mcufinder/images/
2023-11-23 19:41:14,161 [WARN] DbFile:41 - Overriding database path with different value: C:\Users\user\.stmcufinder\plugins\mcufinder/ => C:\Users\user\.stmcufinder\plugins\mcufinder
2023-11-23 19:41:14,161 [INFO] ApiDb:250 - Set database path to: C:\Users\user\.stmcufinder\plugins\mcufinder//mcu/
2023-11-23 19:41:14,161 [WARN] DbFile:41 - Overriding database path with different value: C:\Users\user\.stmcufinder\plugins\mcufinder/ => C:\Users\user\.stmcufinder\plugins\mcufinder
2023-11-23 19:41:14,161 [INFO] DbMcusAds:125 - Set database path to: C:\Users\user\.stmcufinder\plugins\mcufinder//mcu/
2023-11-23 19:41:14,162 [WARN] DbFile:41 - Overriding database path with different value: C:\Users\user\.stmcufinder\plugins\mcufinder/ => C:\Users\user\.stmcufinder\plugins\mcufinder
2023-11-23 19:41:14,162 [WARN] DbFile:41 - Overriding database path with different value: C:\Users\user\.stmcufinder\plugins\mcufinder/ => C:\Users\user\.stmcufinder\plugins\mcufinder
2023-11-23 19:41:14,162 [INFO] CrossReferenceDbSqlite:203 - Set database path to: C:\Users\user\.stmcufinder\plugins\mcufinder//mcu/cs/
2023-11-23 19:41:14,198 [INFO] ApplicationProperties:184 - Using Application install path: D:\ST\STM32CubeIDE_1.13.1\STM32CubeIDE\plugins\com.st.stm32cube.common.mx_6.9.1.202307191849
2023-11-23 19:41:14,202 [INFO] PluginManage:196 - Search for loadable plugins [exclusion list=, ]
2023-11-23 19:41:14,208 [INFO] PluginManage:310 - Check plugin analytics
2023-11-23 19:41:14,769 [INFO] AnalyticsPlugin:253 - Accepted Software Licenses: STM32CubeMX.6.9.1
2023-11-23 19:41:14,769 [INFO] AnalyticsPlugin:255 - Accepted CMSIS Pack Licenses: 
2023-11-23 19:41:14,770 [INFO] AnalyticsPlugin:257 - Accepted Firmware Licenses: FW.F4.1.27.0
2023-11-23 19:41:14,774 [INFO] PluginManage:359 - Loaded plugin analytics (category:tool,tabindex:-1)
2023-11-23 19:41:14,774 [INFO] PluginManage:310 - Check plugin cadmodel
2023-11-23 19:41:14,830 [INFO] CADModel:105 - Init CAD model plugin
2023-11-23 19:41:14,830 [INFO] PluginManage:359 - Loaded plugin cadmodel (category:power,tabindex:5)
2023-11-23 19:41:14,831 [INFO] PluginManage:310 - Check plugin clock
2023-11-23 19:41:14,849 [INFO] PluginManage:359 - Loaded plugin clock (category:base,tabindex:2)
2023-11-23 19:41:14,849 [INFO] PluginManage:310 - Check plugin ddr
2023-11-23 19:41:14,861 [INFO] PluginManage:359 - Loaded plugin ddr (category:tool,tabindex:6)
2023-11-23 19:41:14,861 [INFO] PluginManage:310 - Check plugin filemanager
2023-11-23 19:41:15,282 [INFO] PluginManage:359 - Loaded plugin filemanager (category:base,tabindex:10)
2023-11-23 19:41:15,282 [INFO] PluginManage:310 - Check plugin ipmanager
2023-11-23 19:41:15,300 [INFO] PluginManage:359 - Loaded plugin ipmanager (category:base,tabindex:5)
2023-11-23 19:41:15,300 [INFO] PluginManage:310 - Check plugin lpbam
2023-11-23 19:41:15,353 [INFO] PluginManage:359 - Loaded plugin lpbam (category:base,tabindex:0)
2023-11-23 19:41:15,353 [INFO] PluginManage:310 - Check plugin memorymap
2023-11-23 19:41:15,417 [INFO] PluginManage:359 - Loaded plugin memorymap (category:base,tabindex:4)
2023-11-23 19:41:15,417 [INFO] PluginManage:310 - Check plugin pinoutandconfiguration
2023-11-23 19:41:15,434 [INFO] PluginManage:359 - Loaded plugin pinoutandconfiguration (category:base,tabindex:1)
2023-11-23 19:41:15,434 [INFO] PluginManage:310 - Check plugin pinoutconfig
2023-11-23 19:41:15,649 [WARN] SupportedApi:132 - Cannot load RTOS API schema: s4s-elt-must-match.1: The content of 'definitions' must match (annotation?, (simpleType | complexType)?, (unique | key | keyref)*)). A problem was found starting at: attribute.
2023-11-23 19:41:16,125 [INFO] PluginManage:359 - Loaded plugin pinoutconfig (category:base,tabindex:0)
2023-11-23 19:41:16,125 [INFO] PluginManage:310 - Check plugin power
2023-11-23 19:41:16,753 [INFO] PluginManage:359 - Loaded plugin power (category:power,tabindex:4)
2023-11-23 19:41:16,753 [INFO] PluginManage:310 - Check plugin projectmanager
2023-11-23 19:41:16,783 [INFO] PluginManage:359 - Loaded plugin projectmanager (category:projectmanager,tabindex:3)
2023-11-23 19:41:16,784 [INFO] PluginManage:310 - Check plugin thirdparty
2023-11-23 19:41:17,852 [INFO] PluginManage:359 - Loaded plugin thirdparty (category:base,tabindex:-1)
2023-11-23 19:41:17,852 [WARN] IntegrityCheckThread:84 - waiting for thirdparty lock release [integrity check]
2023-11-23 19:41:17,853 [INFO] PluginManage:310 - Check plugin tools
2023-11-23 19:41:17,853 [INFO] IntegrityCheckThread:86 - entering critical section [integrity check]
2023-11-23 19:41:17,853 [INFO] ThirdPartyUpdaterWithRetryManager:70 - Updater plugin not ready yet. [1/15]
2023-11-23 19:41:17,878 [INFO] PluginManage:359 - Loaded plugin tools (category:base,tabindex:7)
2023-11-23 19:41:17,878 [INFO] PluginManage:310 - Check plugin tutovideos
2023-11-23 19:41:18,265 [INFO] PluginManage:359 - Loaded plugin tutovideos (category:base,tabindex:-1)
2023-11-23 19:41:18,265 [INFO] PluginManage:310 - Check plugin updater
2023-11-23 19:41:18,302 [INFO] PluginManage:359 - Loaded plugin updater (category:base,tabindex:12)
2023-11-23 19:41:18,302 [INFO] PluginManage:310 - Check plugin userauth
2023-11-23 19:41:18,321 [INFO] UserAuth:113 - Init User Auth plugin
2023-11-23 19:41:18,321 [INFO] PluginManage:359 - Loaded plugin userauth (category:base,tabindex:14)
2023-11-23 19:41:18,322 [INFO] PluginManage:283 - PluginManage : Loaded plugins [17]
2023-11-23 19:41:18,812 [INFO] PinOutPanel:1499 - setPackage(No Configuration,No Configuration)
2023-11-23 19:41:19,029 [INFO] CADModel:165 - CPN selected for project level
2023-11-23 19:41:19,029 [INFO] CADModel:114 - Register for checkConnection events
2023-11-23 19:41:19,098 [INFO] IPUIPlugin:80 - create IPUIPlugin
2023-11-23 19:41:19,098 [INFO] PluginManager:220 - loadIPPluginJar : add adc
2023-11-23 19:41:19,119 [INFO] IPUIPlugin:80 - create IPUIPlugin
2023-11-23 19:41:19,119 [INFO] PluginManager:220 - loadIPPluginJar : add aes
2023-11-23 19:41:19,136 [INFO] IPUIPlugin:80 - create IPUIPlugin
2023-11-23 19:41:19,136 [INFO] PluginManager:220 - loadIPPluginJar : add can
2023-11-23 19:41:19,148 [INFO] IPUIPlugin:80 - create IPUIPlugin
2023-11-23 19:41:19,148 [INFO] PluginManager:220 - loadIPPluginJar : add comp
2023-11-23 19:41:19,165 [INFO] IPUIPlugin:80 - create IPUIPlugin
2023-11-23 19:41:19,166 [INFO] PluginManager:220 - loadIPPluginJar : add cryp
2023-11-23 19:41:19,170 [INFO] IPUIPlugin:80 - create IPUIPlugin
2023-11-23 19:41:19,170 [INFO] PluginManager:220 - loadIPPluginJar : add dfsdm
2023-11-23 19:41:19,185 [INFO] IPUIPlugin:80 - create IPUIPlugin
2023-11-23 19:41:19,187 [INFO] PluginManager:220 - loadIPPluginJar : add dma
2023-11-23 19:41:19,350 [INFO] IPUIPlugin:80 - create IPUIPlugin
2023-11-23 19:41:19,350 [INFO] PluginManager:220 - loadIPPluginJar : add dma3
2023-11-23 19:41:19,359 [INFO] IPUIPlugin:80 - create IPUIPlugin
2023-11-23 19:41:19,359 [INFO] PluginManager:220 - loadIPPluginJar : add fatfs
2023-11-23 19:41:19,391 [INFO] IPUIPlugin:80 - create IPUIPlugin
2023-11-23 19:41:19,391 [INFO] PluginManager:220 - loadIPPluginJar : add fmc
2023-11-23 19:41:19,400 [INFO] IPUIPlugin:80 - create IPUIPlugin
2023-11-23 19:41:19,401 [INFO] PluginManager:220 - loadIPPluginJar : add freertos
2023-11-23 19:41:19,417 [INFO] IPUIPlugin:80 - create IPUIPlugin
2023-11-23 19:41:19,417 [INFO] PluginManager:220 - loadIPPluginJar : add genericplugin
2023-11-23 19:41:19,451 [INFO] IPUIPlugin:80 - create IPUIPlugin
2023-11-23 19:41:19,451 [INFO] PluginManager:220 - loadIPPluginJar : add gfxmmu
2023-11-23 19:41:19,467 [INFO] IPUIPlugin:80 - create IPUIPlugin
2023-11-23 19:41:19,467 [INFO] PluginManager:220 - loadIPPluginJar : add gic
2023-11-23 19:41:19,481 [INFO] IPUIPlugin:80 - create IPUIPlugin
2023-11-23 19:41:19,481 [INFO] PluginManager:220 - loadIPPluginJar : add gpio
2023-11-23 19:41:19,499 [INFO] IPUIPlugin:80 - create IPUIPlugin
2023-11-23 19:41:19,499 [INFO] PluginManager:220 - loadIPPluginJar : add gtzc
2023-11-23 19:41:19,501 [INFO] IPUIPlugin:80 - create IPUIPlugin
2023-11-23 19:41:19,502 [INFO] PluginManager:220 - loadIPPluginJar : add hash
2023-11-23 19:41:19,520 [INFO] IPUIPlugin:80 - create IPUIPlugin
2023-11-23 19:41:19,520 [INFO] PluginManager:220 - loadIPPluginJar : add i2c
2023-11-23 19:41:19,529 [INFO] IPUIPlugin:80 - create IPUIPlugin
2023-11-23 19:41:19,530 [INFO] PluginManager:220 - loadIPPluginJar : add i2s
2023-11-23 19:41:19,544 [INFO] IPUIPlugin:80 - create IPUIPlugin
2023-11-23 19:41:19,544 [INFO] PluginManager:220 - loadIPPluginJar : add i3c
2023-11-23 19:41:19,563 [INFO] IPUIPlugin:80 - create IPUIPlugin
2023-11-23 19:41:19,563 [INFO] PluginManager:220 - loadIPPluginJar : add ipddr
2023-11-23 19:41:19,572 [INFO] IPUIPlugin:80 - create IPUIPlugin
2023-11-23 19:41:19,573 [INFO] PluginManager:220 - loadIPPluginJar : add linkedlist
2023-11-23 19:41:19,576 [INFO] IPUIPlugin:80 - create IPUIPlugin
2023-11-23 19:41:19,576 [INFO] PluginManager:220 - loadIPPluginJar : add lorawan
2023-11-23 19:41:19,594 [INFO] IPUIPlugin:80 - create IPUIPlugin
2023-11-23 19:41:19,594 [INFO] PluginManager:220 - loadIPPluginJar : add ltdc
2023-11-23 19:41:19,619 [INFO] IPUIPlugin:80 - create IPUIPlugin
2023-11-23 19:41:19,619 [INFO] PluginManager:220 - loadIPPluginJar : add mdma
2023-11-23 19:41:19,636 [INFO] IPUIPlugin:80 - create IPUIPlugin
2023-11-23 19:41:19,636 [INFO] PluginManager:220 - loadIPPluginJar : add nvic
2023-11-23 19:41:19,652 [INFO] IPUIPlugin:80 - create IPUIPlugin
2023-11-23 19:41:19,652 [INFO] PluginManager:220 - loadIPPluginJar : add opamp
2023-11-23 19:41:19,665 [INFO] IPUIPlugin:80 - create IPUIPlugin
2023-11-23 19:41:19,665 [INFO] PluginManager:220 - loadIPPluginJar : add openamp
2023-11-23 19:41:19,676 [INFO] IPUIPlugin:80 - create IPUIPlugin
2023-11-23 19:41:19,677 [INFO] PluginManager:220 - loadIPPluginJar : add pdm2pcm
2023-11-23 19:41:19,694 [INFO] IPUIPlugin:80 - create IPUIPlugin
2023-11-23 19:41:19,696 [INFO] PluginManager:220 - loadIPPluginJar : add plateformsettings
2023-11-23 19:41:19,698 [INFO] IPUIPlugin:80 - create IPUIPlugin
2023-11-23 19:41:19,699 [INFO] PluginManager:220 - loadIPPluginJar : add quadspi
2023-11-23 19:41:19,704 [INFO] IPUIPlugin:80 - create IPUIPlugin
2023-11-23 19:41:19,704 [INFO] PluginManager:220 - loadIPPluginJar : add resmgrutility
2023-11-23 19:41:19,725 [INFO] IPUIPlugin:80 - create IPUIPlugin
2023-11-23 19:41:19,725 [INFO] PluginManager:220 - loadIPPluginJar : add sai
2023-11-23 19:41:19,738 [INFO] IPUIPlugin:80 - create IPUIPlugin
2023-11-23 19:41:19,738 [INFO] PluginManager:220 - loadIPPluginJar : add spi
2023-11-23 19:41:19,744 [INFO] IPUIPlugin:80 - create IPUIPlugin
2023-11-23 19:41:19,744 [INFO] PluginManager:220 - loadIPPluginJar : add stm32_wpan
2023-11-23 19:41:19,755 [INFO] IPUIPlugin:80 - create IPUIPlugin
2023-11-23 19:41:19,755 [INFO] PluginManager:220 - loadIPPluginJar : add tim
2023-11-23 19:41:19,879 [INFO] IPUIPlugin:80 - create IPUIPlugin
2023-11-23 19:41:19,879 [INFO] PluginManager:220 - loadIPPluginJar : add touchsensing
2023-11-23 19:41:19,918 [INFO] IPUIPlugin:80 - create IPUIPlugin
2023-11-23 19:41:19,918 [INFO] PluginManager:220 - loadIPPluginJar : add tracer_emb
2023-11-23 19:41:19,944 [INFO] IPUIPlugin:80 - create IPUIPlugin
2023-11-23 19:41:19,944 [INFO] PluginManager:220 - loadIPPluginJar : add ts
2023-11-23 19:41:19,967 [INFO] IPUIPlugin:80 - create IPUIPlugin
2023-11-23 19:41:19,967 [INFO] PluginManager:220 - loadIPPluginJar : add tsc
2023-11-23 19:41:19,981 [INFO] IPUIPlugin:80 - create IPUIPlugin
2023-11-23 19:41:19,981 [INFO] PluginManager:220 - loadIPPluginJar : add ucpd
2023-11-23 19:41:19,997 [INFO] IPUIPlugin:80 - create IPUIPlugin
2023-11-23 19:41:19,997 [INFO] PluginManager:220 - loadIPPluginJar : add usart
2023-11-23 19:41:20,012 [INFO] IPUIPlugin:80 - create IPUIPlugin
2023-11-23 19:41:20,012 [INFO] PluginManager:220 - loadIPPluginJar : add usbx
2023-11-23 19:41:20,158 [INFO] CADModel:165 - CPN selected for project level
2023-11-23 19:41:20,158 [INFO] CADModel:114 - Register for checkConnection events
2023-11-23 19:41:20,158 [FATAL] Updater:308 - Updater called before beeing initialized
2023-11-23 19:41:20,158 [ERROR] CADModel:125 - Updater not yet initialized, retry later 
2023-11-23 19:41:20,512 [INFO] CADModel:165 - CPN selected for project level
2023-11-23 19:41:20,513 [INFO] CADModel:114 - Register for checkConnection events
2023-11-23 19:41:20,513 [FATAL] Updater:308 - Updater called before beeing initialized
2023-11-23 19:41:20,513 [ERROR] CADModel:125 - Updater not yet initialized, retry later 
2023-11-23 19:41:20,516 [FATAL] Updater:308 - Updater called before beeing initialized
2023-11-23 19:41:20,629 [FATAL] Updater:308 - Updater called before beeing initialized
2023-11-23 19:41:20,642 [INFO] DbMcusAds:53 - JSON generation date=Tue Mar 07 17:50:55 KST 2023 (1678179055335)
2023-11-23 19:41:20,642 [FATAL] Updater:308 - Updater called before beeing initialized
2023-11-23 19:41:20,770 [WARN] DetailPanel:346 - Failed to get advertising image, set to default
2023-11-23 19:41:20,859 [INFO] ThirdPartyUpdaterWithRetryManager:70 - Updater plugin not ready yet. [2/15]
2023-11-23 19:41:20,906 [FATAL] Updater:308 - Updater called before beeing initialized
2023-11-23 19:41:20,945 [FATAL] Updater:308 - Updater called before beeing initialized
2023-11-23 19:41:20,945 [FATAL] Updater:308 - Updater called before beeing initialized
2023-11-23 19:41:20,945 [WARN] DetailPanel:346 - Failed to get advertising image, set to default
2023-11-23 19:41:20,946 [FATAL] Updater:308 - Updater called before beeing initialized
2023-11-23 19:41:21,063 [ERROR] Updater:1120 - MainUpdater not yet initialized. External WinMGr cannot be set.
2023-11-23 19:41:21,082 [INFO] Updater:1056 - Updater Version found : 6.9.1
2023-11-23 19:41:21,128 [INFO] ApplicationProperties:184 - Using Application install path: D:\ST\STM32CubeIDE_1.13.1\STM32CubeIDE\plugins\com.st.stm32cube.common.mx_6.9.1.202307191849
2023-11-23 19:41:21,665 [INFO] MainUpdater:2868 - connection check result : 10
2023-11-23 19:41:21,665 [INFO] MainUpdater:3562 - Updater definition file requires update
2023-11-23 19:41:21,667 [INFO] MainUpdater:285 - Updater Check For Update Now.
2023-11-23 19:41:21,667 [INFO] MicroXplorer:498 - Change Database Version : DB.6.0.91
2023-11-23 19:41:21,770 [INFO] McuFinderGlobals:63 - Set McuFinder mode to 2 (CubeIDE integrated)
2023-11-23 19:41:21,824 [INFO] ServerAccessManage:473 - Download File updaters.zip
2023-11-23 19:41:22,173 [INFO] FileExtend:240 - Unzip File : updaters.zip
2023-11-23 19:41:22,174 [INFO] FileExtend:255 - Standard Zip Deflate
2023-11-23 19:41:23,131 [INFO] ServerAccessManage:473 - Download File PacksControlFlags.xml
2023-11-23 19:41:23,397 [INFO] ServerAccessManage:473 - Download File cubemx.pidx
2023-11-23 19:41:23,871 [WARN] MainUpdater:1189 - Updater busy. Cannot search thirdparties
2023-11-23 19:41:23,873 [INFO] ThirdPartyUpdaterWithRetryManager:96 - Updater plugin is busy. [1/15]
2023-11-23 19:41:25,289 [INFO] ServerAccessManage:473 - Download File STMicroelectronics.X-CUBE-TOF1.pdsc
2023-11-23 19:41:26,875 [WARN] MainUpdater:1189 - Updater busy. Cannot search thirdparties
2023-11-23 19:41:26,875 [INFO] ThirdPartyUpdaterWithRetryManager:96 - Updater plugin is busy. [2/15]
2023-11-23 19:41:28,498 [ERROR] ServerAccessManage:1089 - Problem, file not found on Server
2023-11-23 19:41:29,884 [WARN] MainUpdater:1189 - Updater busy. Cannot search thirdparties
2023-11-23 19:41:29,884 [INFO] ThirdPartyUpdaterWithRetryManager:96 - Updater plugin is busy. [3/15]
2023-11-23 19:41:30,122 [ERROR] ServerAccessManage:1096 - Problem, Http access forbiden
2023-11-23 19:41:30,122 [ERROR] ServerAccessManage:651 - Problem, Http access forbiden : RoweBots.I-CUBE-UNISONRTOS.pdsc.
2023-11-23 19:41:30,443 [WARN] PackLoader:240 - Cannot read IP mode file for STMicroelectronics.X-CUBE-TOF1.3.4.0
2023-11-23 19:41:30,504 [INFO] PopulateThirdPartyThread:66 - Ending populate Thread
2023-11-23 19:41:30,506 [INFO] ThirdParty:1030 - CMSIS Pack Vendor :STMicroelectronics X-CUBE-TOF1 3.4.0
2023-11-23 19:41:30,506 [INFO] LoadServerUpdatesThread:373 - End of LoadServerUpdate Thread
2023-11-23 19:41:30,584 [INFO] CheckServerUpdateThread:120 - End of CheckServer Thread
2023-11-23 19:41:33,432 [WARN] PackLoader:240 - Cannot read IP mode file for STMicroelectronics.X-CUBE-SMBUS.2.1.0
2023-11-23 19:41:33,463 [WARN] PackLoader:240 - Cannot read IP mode file for STMicroelectronics.X-CUBE-AZRTOS-F7.1.1.0
2023-11-23 19:41:33,482 [WARN] PackLoader:240 - Cannot read IP mode file for STMicroelectronics.FP-SNS-MOTENV1.4.3.2
2023-11-23 19:41:33,489 [WARN] PackLoader:240 - Cannot read IP mode file for STMicroelectronics.FP-SNS-FLIGHT1.5.0.2
2023-11-23 19:41:33,507 [WARN] PackLoader:240 - Cannot read IP mode file for STMicroelectronics.X-CUBE-DISPLAY.3.0.0
2023-11-23 19:41:33,528 [WARN] PackLoader:240 - Cannot read IP mode file for STMicroelectronics.X-CUBE-BLE1.7.0.0
2023-11-23 19:41:33,541 [WARN] PackLoader:240 - Cannot read IP mode file for emotas.I-CUBE-CANOPEN.1.3.0
2023-11-23 19:41:33,556 [WARN] PackLoader:240 - Cannot read IP mode file for STMicroelectronics.X-CUBE-TOUCHGFX.4.22.0
2023-11-23 19:41:33,568 [WARN] PackLoader:240 - Cannot read IP mode file for STMicroelectronics.X-CUBE-TOUCHGFX.4.22.1
2023-11-23 19:41:33,581 [WARN] PackLoader:240 - Cannot read IP mode file for STMicroelectronics.FP-SNS-SMARTAG2.1.2.0
2023-11-23 19:41:33,605 [INFO] LogOutputStream:77 - [STDOUT_REDIRECT] 1 : Invalid condition id : UX_CORESTACK_Condition cause : null
2023-11-23 19:41:33,606 [INFO] LogOutputStream:77 - [STDOUT_REDIRECT] 1 : Invalid condition id : UX_CORESTACK_Condition cause : null
2023-11-23 19:41:33,609 [INFO] LogOutputStream:77 - [STDOUT_REDIRECT] 1 : Invalid condition id : UX_CORESTACK_Condition cause : null
2023-11-23 19:41:33,611 [INFO] LogOutputStream:77 - [STDOUT_REDIRECT] 1 : Invalid condition id : UX_CORESTACK_Condition cause : null
2023-11-23 19:41:33,613 [INFO] LogOutputStream:77 - [STDOUT_REDIRECT] 1 : Invalid condition id : UX_CORESTACK_Condition cause : null
2023-11-23 19:41:33,623 [WARN] PackLoader:240 - Cannot read IP mode file for STMicroelectronics.X-CUBE-AZRTOS-WL.2.0.0
2023-11-23 19:41:33,650 [WARN] PackLoader:240 - Cannot read IP mode file for WES.I-CUBE-Cesium.1.3.0
2023-11-23 19:41:33,666 [WARN] PackLoader:240 - Cannot read IP mode file for STMicroelectronics.X-CUBE-BLE2.3.3.0
2023-11-23 19:41:33,685 [WARN] PackLoader:240 - Cannot read IP mode file for STMicroelectronics.X-CUBE-ALGOBUILD.1.3.0
2023-11-23 19:41:33,720 [WARN] PackLoader:240 - Cannot read IP mode file for STMicroelectronics.X-CUBE-AZRTOS-G0.1.1.0
2023-11-23 19:41:33,740 [WARN] PackLoader:240 - Cannot read IP mode file for STMicroelectronics.X-CUBE-NFC4.3.0.0
2023-11-23 19:41:33,769 [WARN] PackLoader:240 - Cannot read IP mode file for STMicroelectronics.X-CUBE-BLEMGR.3.0.0
2023-11-23 19:41:33,779 [WARN] PackLoader:240 - Cannot read IP mode file for STMicroelectronics.FP-ATR-SIGFOX1.3.2.0
2023-11-23 19:41:33,852 [WARN] PackLoader:240 - Cannot read IP mode file for SEGGER.I-CUBE-embOS.1.3.1
2023-11-23 19:41:33,944 [WARN] PackLoader:240 - Cannot read IP mode file for STMicroelectronics.X-CUBE-GNSS1.6.0.0
2023-11-23 19:41:33,996 [WARN] PackLoader:240 - Cannot read IP mode file for STMicroelectronics.X-CUBE-AZRTOS-F4.1.1.0
2023-11-23 19:41:34,022 [WARN] PackLoader:240 - Cannot read IP mode file for wolfSSL.I-CUBE-wolfSSL.5.6.3
2023-11-23 19:41:34,076 [WARN] PackLoader:240 - Cannot read IP mode file for STMicroelectronics.X-CUBE-AZRTOS-L5.2.0.0
2023-11-23 19:41:34,156 [WARN] PackLoader:240 - Cannot read IP mode file for STMicroelectronics.X-CUBE-MEMS1.9.6.0
2023-11-23 19:41:34,435 [WARN] PackLoader:240 - Cannot read IP mode file for STMicroelectronics.X-CUBE-EEPRMA1.4.2.0
2023-11-23 19:41:34,451 [WARN] PackLoader:240 - Cannot read IP mode file for ITTIA_DB.I-CUBE-ITTIADB.8.8.0
2023-11-23 19:41:34,468 [WARN] PackLoader:240 - Cannot read IP mode file for STMicroelectronics.X-CUBE-BLEMGR.2.0.0
2023-11-23 19:41:34,528 [WARN] ConditionMgr:438 - getConditionDescription Invalid condition id : UX DEVICE CLASS RTOS Condition cause : null
2023-11-23 19:41:34,528 [WARN] ConditionMgr:438 - getConditionDescription Invalid condition id : UX DEVICE CLASS RTOS Condition cause : null
2023-11-23 19:41:34,537 [WARN] PackLoader:240 - Cannot read IP mode file for STMicroelectronics.X-CUBE-AZRTOS-H7.3.1.0
2023-11-23 19:41:34,540 [WARN] ConditionMgr:1039 - genDependencies : Invalid condition id : UX DEVICE CLASS RTOS Condition cause : null
2023-11-23 19:41:34,540 [WARN] ConditionMgr:1039 - genDependencies : Invalid condition id : UX DEVICE CLASS RTOS Condition cause : null
2023-11-23 19:41:34,542 [WARN] ConditionMgr:1039 - genDependencies : Invalid condition id : UX DEVICE CLASS RTOS Condition cause : null
2023-11-23 19:41:34,543 [WARN] ConditionMgr:1039 - genDependencies : Invalid condition id : UX DEVICE CLASS RTOS Condition cause : null
2023-11-23 19:41:34,543 [WARN] ConditionMgr:1039 - genDependencies : Invalid condition id : UX DEVICE CLASS RTOS Condition cause : null
2023-11-23 19:41:34,577 [WARN] PackLoader:240 - Cannot read IP mode file for STMicroelectronics.X-CUBE-NFC7.1.0.1
2023-11-23 19:41:34,608 [WARN] PackLoader:240 - Cannot read IP mode file for STMicroelectronics.X-CUBE-NFC6.3.0.0
2023-11-23 19:41:34,635 [WARN] PackLoader:240 - Cannot read IP mode file for STMicroelectronics.X-CUBE-EEPRMA1.4.1.0
2023-11-23 19:41:34,657 [WARN] PackLoader:240 - Cannot read IP mode file for STMicroelectronics.X-CUBE-AI.8.1.0
2023-11-23 19:41:34,743 [WARN] ConditionMgr:438 - getConditionDescription Invalid condition id : LAN8742 Phy interface Condition cause : null
2023-11-23 19:41:34,744 [WARN] PackLoader:240 - Cannot read IP mode file for STMicroelectronics.X-CUBE-AZRTOS-L4.2.0.0
2023-11-23 19:41:34,747 [WARN] ConditionMgr:1039 - genDependencies : Invalid condition id : LAN8742 Phy interface Condition cause : null
2023-11-23 19:41:34,747 [WARN] ConditionMgr:1039 - genDependencies : Invalid condition id : LAN8742 Phy interface Condition cause : null
2023-11-23 19:41:34,748 [WARN] ConditionMgr:1039 - genDependencies : Invalid condition id : LAN8742 Phy interface Condition cause : null
2023-11-23 19:41:34,776 [WARN] PackLoader:240 - Cannot read IP mode file for STMicroelectronics.X-CUBE-SFXS2LP1.4.0.0
2023-11-23 19:41:34,797 [WARN] PackLoader:240 - Cannot read IP mode file for STMicroelectronics.X-CUBE-ISPU.1.1.0
2023-11-23 19:41:34,831 [WARN] ConditionMgr:438 - getConditionDescription Invalid condition id : UX DEVICE CLASS RTOS Condition cause : null
2023-11-23 19:41:34,832 [WARN] ConditionMgr:438 - getConditionDescription Invalid condition id : UX DEVICE CLASS RTOS Condition cause : null
2023-11-23 19:41:34,834 [WARN] PackLoader:240 - Cannot read IP mode file for STMicroelectronics.X-CUBE-AZRTOS-WB.2.0.0
2023-11-23 19:41:34,835 [WARN] ConditionMgr:1039 - genDependencies : Invalid condition id : UX DEVICE CLASS RTOS Condition cause : null
2023-11-23 19:41:34,835 [WARN] ConditionMgr:1039 - genDependencies : Invalid condition id : UX DEVICE CLASS RTOS Condition cause : null
2023-11-23 19:41:34,835 [WARN] ConditionMgr:1039 - genDependencies : Invalid condition id : UX DEVICE CLASS RTOS Condition cause : null
2023-11-23 19:41:34,836 [WARN] ConditionMgr:1039 - genDependencies : Invalid condition id : UX DEVICE CLASS RTOS Condition cause : null
2023-11-23 19:41:34,836 [WARN] ConditionMgr:1039 - genDependencies : Invalid condition id : UX DEVICE CLASS RTOS Condition cause : null
2023-11-23 19:41:34,860 [WARN] PackLoader:240 - Cannot read IP mode file for STMicroelectronics.X-CUBE-SUBG2.5.0.0
2023-11-23 19:41:34,891 [WARN] PackLoader:240 - Cannot read IP mode file for STMicroelectronics.X-CUBE-TOF1.3.3.1
2023-11-23 19:41:34,939 [WARN] PackLoader:240 - Cannot read IP mode file for STMicroelectronics.X-CUBE-AZRTOS-G4.2.0.0
2023-11-23 19:41:34,972 [WARN] PackLoader:240 - Cannot read IP mode file for Infineon.AIROC-Wi-Fi-Bluetooth-STM32.1.5.1
2023-11-23 19:41:34,983 [WARN] PackLoader:240 - Cannot read IP mode file for STMicroelectronics.FP-SNS-MOTENVWB1.1.3.0
2023-11-23 19:41:35,046 [WARN] PackLoader:240 - Cannot read IP mode file for STMicroelectronics.X-CUBE-MEMS1.10.0.0
2023-11-23 19:41:35,261 [WARN] PackLoader:240 - Cannot read IP mode file for STMicroelectronics.X-CUBE-FREERTOS.1.1.0
2023-11-23 19:41:35,277 [WARN] PackLoader:240 - Cannot read IP mode file for portGmbH.I-Cube-SoM-uGOAL.1.1.0
2023-11-23 19:41:35,292 [WARN] PackLoader:240 - Cannot read IP mode file for STMicroelectronics.X-CUBE-ALS.1.0.1
2023-11-23 19:41:35,298 [WARN] PackLoader:240 - Cannot read IP mode file for STMicroelectronics.FP-ATR-ASTRA1.2.0.0
2023-11-23 19:41:35,307 [WARN] PackLoader:240 - Cannot read IP mode file for STMicroelectronics.X-CUBE-TOF1.3.4.0
2023-11-23 19:41:35,319 [INFO] ThirdParty:978 - Integrity check success = true
2023-11-23 19:41:35,319 [INFO] IntegrityCheckThread:100 - exiting critical section [integrity check]
2023-11-23 19:41:35,319 [INFO] IntegrityCheckThread:103 - End integrity checks thread
2023-11-23 19:41:44,450 [ERROR] LogOutputStream:75 - [STDERR_REDIRECT] SLF4J: Failed to load class "org.slf4j.impl.StaticLoggerBinder".
2023-11-23 19:41:44,451 [ERROR] LogOutputStream:75 - [STDERR_REDIRECT] SLF4J: Defaulting to no-operation (NOP) logger implementation
2023-11-23 19:41:44,454 [ERROR] LogOutputStream:75 - [STDERR_REDIRECT] SLF4J: See http://www.slf4j.org/codes.html#StaticLoggerBinder for further details.
